<?xml version="1.0" encoding="UTF-8"?>
<TestRun id="53ecb463-5b2c-4a0c-9170-df697e54889e" name="tpf@TPF-PC 2011-12-18 14:31:04" runUser="tpf-PC\tpf" xmlns="http://microsoft.com/schemas/VisualStudio/TeamTest/2010">
  <TestSettings name="Local" id="0c0b3f71-4a2f-44fd-996e-bb9ca5f13928">
    <Description>These are default test settings for a local test run.</Description>
    <Deployment enabled="false" runDeploymentRoot="tpf_TPF-PC 2011-12-18 14_31_04">
      <DeploymentItem filename="E:\Projects\ImifiedCHashLib\trunk\ImifiedCHash\ImifiedCHashLib\bin\Debug\ImifiedCHashLib.dll" />
    </Deployment>
    <Execution>
      <TestTypeSpecific />
      <AgentRule name="Execution Agents">
      </AgentRule>
    </Execution>
  </TestSettings>
  <Times creation="2011-12-18T14:31:04.5932681+05:30" queuing="2011-12-18T14:31:05.7493342+05:30" start="2011-12-18T14:31:05.8883421+05:30" finish="2011-12-18T14:31:09.1005259+05:30" />
  <ResultSummary outcome="Error">
    <Counters total="3" executed="3" error="3" failed="0" timeout="0" aborted="0" inconclusive="0" passedButRunAborted="0" notRunnable="0" notExecuted="0" disconnected="0" warning="0" passed="0" completed="0" inProgress="0" pending="0" />
  </ResultSummary>
  <TestDefinitions>
    <UnitTest name="SendMessageTest" storage="e:\projects\imifiedchashlib\trunk\imifiedchash\imifiedchashlibunittests\bin\debug\imifiedchashlibunittests.dll" id="c87faff4-184e-4931-387d-82393f9cef9d">
      <Execution id="40c8ecdf-486c-47ae-b01f-06c4ab2bed1f" />
      <TestMethod codeBase="E:/Projects/ImifiedCHashLib/trunk/ImifiedCHash/ImifiedCHashLibUnitTests/bin/Debug/ImifiedCHashLibUnitTests.DLL" adapterTypeName="Microsoft.VisualStudio.TestTools.TestTypes.Unit.UnitTestAdapter, Microsoft.VisualStudio.QualityTools.Tips.UnitTest.Adapter, Version=10.0.0.0, Culture=neutral, PublicKeyToken=b03f5f7f11d50a3a" className="ImifiedCHashLibUnitTests.ImifiedFacadeTest, ImifiedCHashLibUnitTests, Version=1.0.0.0, Culture=neutral, PublicKeyToken=null" name="SendMessageTest" />
    </UnitTest>
    <UnitTest name="GetAllUsersTest" storage="e:\projects\imifiedchashlib\trunk\imifiedchash\imifiedchashlibunittests\bin\debug\imifiedchashlibunittests.dll" id="bb093d25-0018-2c9c-c3c7-a16045dceadd">
      <Execution id="717c2739-824b-4bab-a868-5519a7d57329" />
      <TestMethod codeBase="E:/Projects/ImifiedCHashLib/trunk/ImifiedCHash/ImifiedCHashLibUnitTests/bin/Debug/ImifiedCHashLibUnitTests.DLL" adapterTypeName="Microsoft.VisualStudio.TestTools.TestTypes.Unit.UnitTestAdapter, Microsoft.VisualStudio.QualityTools.Tips.UnitTest.Adapter, Version=10.0.0.0, Culture=neutral, PublicKeyToken=b03f5f7f11d50a3a" className="ImifiedCHashLibUnitTests.ImifiedFacadeTest, ImifiedCHashLibUnitTests, Version=1.0.0.0, Culture=neutral, PublicKeyToken=null" name="GetAllUsersTest" />
    </UnitTest>
    <UnitTest name="GetUserIdByUserNameTest" storage="e:\projects\imifiedchashlib\trunk\imifiedchash\imifiedchashlibunittests\bin\debug\imifiedchashlibunittests.dll" id="a27423ec-f16e-8e11-1888-2065bd17986d">
      <Execution id="bbe1978c-3fc8-47ca-bab2-a86454d15675" />
      <TestMethod codeBase="E:/Projects/ImifiedCHashLib/trunk/ImifiedCHash/ImifiedCHashLibUnitTests/bin/Debug/ImifiedCHashLibUnitTests.DLL" adapterTypeName="Microsoft.VisualStudio.TestTools.TestTypes.Unit.UnitTestAdapter, Microsoft.VisualStudio.QualityTools.Tips.UnitTest.Adapter, Version=10.0.0.0, Culture=neutral, PublicKeyToken=b03f5f7f11d50a3a" className="ImifiedCHashLibUnitTests.ImifiedFacadeTest, ImifiedCHashLibUnitTests, Version=1.0.0.0, Culture=neutral, PublicKeyToken=null" name="GetUserIdByUserNameTest" />
    </UnitTest>
  </TestDefinitions>
  <TestLists>
    <TestList name="Results Not in a List" id="8c84fa94-04c1-424b-9868-57a2d4851a1d" />
    <TestList name="All Loaded Results" id="19431567-8539-422a-85d7-44ee4e166bda" />
  </TestLists>
  <TestEntries>
    <TestEntry testId="bb093d25-0018-2c9c-c3c7-a16045dceadd" executionId="717c2739-824b-4bab-a868-5519a7d57329" testListId="8c84fa94-04c1-424b-9868-57a2d4851a1d" />
    <TestEntry testId="a27423ec-f16e-8e11-1888-2065bd17986d" executionId="bbe1978c-3fc8-47ca-bab2-a86454d15675" testListId="8c84fa94-04c1-424b-9868-57a2d4851a1d" />
    <TestEntry testId="c87faff4-184e-4931-387d-82393f9cef9d" executionId="40c8ecdf-486c-47ae-b01f-06c4ab2bed1f" testListId="8c84fa94-04c1-424b-9868-57a2d4851a1d" />
  </TestEntries>
  <Results>
    <UnitTestResult executionId="717c2739-824b-4bab-a868-5519a7d57329" testId="bb093d25-0018-2c9c-c3c7-a16045dceadd" testName="GetAllUsersTest" computerName="TPF-PC" startTime="2011-12-18T14:31:06.0273501+05:30" endTime="2011-12-18T14:31:07.2084176+05:30" testType="13cdc9d9-ddb5-4fa4-a97d-d965ccfc6d4b" testListId="8c84fa94-04c1-424b-9868-57a2d4851a1d" relativeResultsDirectory="717c2739-824b-4bab-a868-5519a7d57329">
      <Output>
        <ErrorInfo>
          <Message>Unit Test Adapter threw exception: 
The type initializer for 'Microsoft.VisualStudio.TestTools.Diagnostics.EqtTrace' threw an exception.
Configuration system failed to initialize
Unrecognized configuration section add. (E:\Projects\ImifiedCHashLib\trunk\ImifiedCHash\ImifiedCHashLibUnitTests\bin\Debug\ImifiedCHashLibUnitTests.DLL.config line 3).</Message>
        </ErrorInfo>
      </Output>
    </UnitTestResult>
    <UnitTestResult executionId="bbe1978c-3fc8-47ca-bab2-a86454d15675" testId="a27423ec-f16e-8e11-1888-2065bd17986d" testName="GetUserIdByUserNameTest" computerName="TPF-PC" startTime="2011-12-18T14:31:07.2234185+05:30" endTime="2011-12-18T14:31:08.1634723+05:30" testType="13cdc9d9-ddb5-4fa4-a97d-d965ccfc6d4b" testListId="8c84fa94-04c1-424b-9868-57a2d4851a1d" relativeResultsDirectory="bbe1978c-3fc8-47ca-bab2-a86454d15675">
      <Output>
        <ErrorInfo>
          <Message>Unit Test Adapter threw exception: 
The type initializer for 'Microsoft.VisualStudio.TestTools.Diagnostics.EqtTrace' threw an exception.
Configuration system failed to initialize
Unrecognized configuration section add. (E:\Projects\ImifiedCHashLib\trunk\ImifiedCHash\ImifiedCHashLibUnitTests\bin\Debug\ImifiedCHashLibUnitTests.DLL.config line 3).</Message>
        </ErrorInfo>
      </Output>
    </UnitTestResult>
    <UnitTestResult executionId="40c8ecdf-486c-47ae-b01f-06c4ab2bed1f" testId="c87faff4-184e-4931-387d-82393f9cef9d" testName="SendMessageTest" computerName="TPF-PC" startTime="2011-12-18T14:31:08.1764730+05:30" endTime="2011-12-18T14:31:09.0845250+05:30" testType="13cdc9d9-ddb5-4fa4-a97d-d965ccfc6d4b" testListId="8c84fa94-04c1-424b-9868-57a2d4851a1d" relativeResultsDirectory="40c8ecdf-486c-47ae-b01f-06c4ab2bed1f">
      <Output>
        <ErrorInfo>
          <Message>Unit Test Adapter threw exception: 
The type initializer for 'Microsoft.VisualStudio.TestTools.Diagnostics.EqtTrace' threw an exception.
Configuration system failed to initialize
Unrecognized configuration section add. (E:\Projects\ImifiedCHashLib\trunk\ImifiedCHash\ImifiedCHashLibUnitTests\bin\Debug\ImifiedCHashLibUnitTests.DLL.config line 3).</Message>
        </ErrorInfo>
      </Output>
    </UnitTestResult>
  </Results>
</TestRun>